# JRE version: Java(TM) SE Runtime Environment (8.0_251-b08) (build 1.8.0_251-b08)
# Java VM: Java HotSpot(TM) 64-Bit Server VM (25.251-b08 mixed mode windows-amd64 compressed oops)
Heap:
 PSYoungGen      total 199680K, used 141313K [0x0000000780000000, 0x000000078ee00000, 0x00000007c0000000)
  eden space 186880K, 69% used [0x0000000780000000,0x0000000787f046a8,0x000000078b680000)
  from space 12800K, 87% used [0x000000078c380000,0x000000078ce7bdc8,0x000000078d000000)
  to   space 13312K, 0% used [0x000000078b680000,0x000000078b680000,0x000000078c380000)
 ParOldGen       total 220160K, used 17613K [0x0000000700000000, 0x000000070d700000, 0x0000000780000000)
  object space 220160K, 8% used [0x0000000700000000,0x0000000701133448,0x000000070d700000)
 Metaspace       used 49746K, capacity 51834K, committed 51968K, reserved 1093632K
  class space    used 6951K, capacity 7383K, committed 7424K, reserved 1048576K
GC Heap History (10 events):
Event: 2.285 GC heap before
{Heap before GC invocations=4 (full 1):
 PSYoungGen      total 95232K, used 10011K [0x0000000780000000, 0x000000078ba00000, 0x00000007c0000000)
  eden space 81920K, 0% used [0x0000000780000000,0x0000000780000000,0x0000000785000000)
  from space 13312K, 75% used [0x0000000785000000,0x00000007859c6d38,0x0000000785d00000)
  to   space 13312K, 0% used [0x000000078ad00000,0x000000078ad00000,0x000000078ba00000)
 ParOldGen       total 217088K, used 32K [0x0000000700000000, 0x000000070d400000, 0x0000000780000000)
  object space 217088K, 0% used [0x0000000700000000,0x0000000700008000,0x000000070d400000)
 Metaspace       used 20601K, capacity 21224K, committed 21296K, reserved 1067008K
  class space    used 2957K, capacity 3140K, committed 3200K, reserved 1048576K
Event: 2.309 GC heap after
Heap after GC invocations=4 (full 1):
 PSYoungGen      total 95232K, used 0K [0x0000000780000000, 0x000000078ba00000, 0x00000007c0000000)
  eden space 81920K, 0% used [0x0000000780000000,0x0000000780000000,0x0000000785000000)
  from space 13312K, 0% used [0x0000000785000000,0x0000000785000000,0x0000000785d00000)
  to   space 13312K, 0% used [0x000000078ad00000,0x000000078ad00000,0x000000078ba00000)
 ParOldGen       total 133632K, used 9693K [0x0000000700000000, 0x0000000708280000, 0x0000000780000000)
  object space 133632K, 7% used [0x0000000700000000,0x00000007009775d8,0x0000000708280000)
 Metaspace       used 20601K, capacity 21224K, committed 21296K, reserved 1067008K
  class space    used 2957K, capacity 3140K, committed 3200K, reserved 1048576K
}
Event: 2.946 GC heap before
{Heap before GC invocations=5 (full 1):
 PSYoungGen      total 95232K, used 81920K [0x0000000780000000, 0x000000078ba00000, 0x00000007c0000000)
  eden space 81920K, 100% used [0x0000000780000000,0x0000000785000000,0x0000000785000000)
  from space 13312K, 0% used [0x0000000785000000,0x0000000785000000,0x0000000785d00000)
  to   space 13312K, 0% used [0x000000078ad00000,0x000000078ad00000,0x000000078ba00000)
 ParOldGen       total 133632K, used 9693K [0x0000000700000000, 0x0000000708280000, 0x0000000780000000)
  object space 133632K, 7% used [0x0000000700000000,0x00000007009775d8,0x0000000708280000)
 Metaspace       used 30275K, capacity 31122K, committed 31360K, reserved 1077248K
  class space    used 4173K, capacity 4397K, committed 4480K, reserved 1048576K
Event: 2.953 GC heap after
Heap after GC invocations=5 (full 1):
 PSYoungGen      total 133120K, used 10204K [0x0000000780000000, 0x000000078b700000, 0x00000007c0000000)
  eden space 122880K, 0% used [0x0000000780000000,0x0000000780000000,0x0000000787800000)
  from space 10240K, 99% used [0x000000078ad00000,0x000000078b6f70a0,0x000000078b700000)
  to   space 13312K, 0% used [0x0000000789d00000,0x0000000789d00000,0x000000078aa00000)
 ParOldGen       total 133632K, used 9701K [0x0000000700000000, 0x0000000708280000, 0x0000000780000000)
  object space 133632K, 7% used [0x0000000700000000,0x00000007009795d8,0x0000000708280000)
 Metaspace       used 30275K, capacity 31122K, committed 31360K, reserved 1077248K
  class space    used 4173K, capacity 4397K, committed 4480K, reserved 1048576K
}
Event: 3.503 GC heap before
{Heap before GC invocations=6 (full 1):
 PSYoungGen      total 133120K, used 98245K [0x0000000780000000, 0x000000078b700000, 0x00000007c0000000)
  eden space 122880K, 71% used [0x0000000780000000,0x00000007855fa5f8,0x0000000787800000)
  from space 10240K, 99% used [0x000000078ad00000,0x000000078b6f70a0,0x000000078b700000)
  to   space 13312K, 0% used [0x0000000789d00000,0x0000000789d00000,0x000000078aa00000)
 ParOldGen       total 133632K, used 9701K [0x0000000700000000, 0x0000000708280000, 0x0000000780000000)
  object space 133632K, 7% used [0x0000000700000000,0x00000007009795d8,0x0000000708280000)
 Metaspace       used 34370K, capacity 35480K, committed 35496K, reserved 1079296K
  class space    used 4848K, capacity 5111K, committed 5120K, reserved 1048576K
Event: 3.512 GC heap after
Heap after GC invocations=6 (full 1):
 PSYoungGen      total 174080K, used 11311K [0x0000000780000000, 0x000000078d000000, 0x00000007c0000000)
  eden space 160768K, 0% used [0x0000000780000000,0x0000000780000000,0x0000000789d00000)
  from space 13312K, 84% used [0x0000000789d00000,0x000000078a80bda8,0x000000078aa00000)
  to   space 12800K, 0% used [0x000000078c380000,0x000000078c380000,0x000000078d000000)
 ParOldGen       total 133632K, used 9709K [0x0000000700000000, 0x0000000708280000, 0x0000000780000000)
  object space 133632K, 7% used [0x0000000700000000,0x000000070097b5d8,0x0000000708280000)
 Metaspace       used 34370K, capacity 35480K, committed 35496K, reserved 1079296K
  class space    used 4848K, capacity 5111K, committed 5120K, reserved 1048576K
}
Event: 3.512 GC heap before
{Heap before GC invocations=7 (full 2):
 PSYoungGen      total 174080K, used 11311K [0x0000000780000000, 0x000000078d000000, 0x00000007c0000000)
  eden space 160768K, 0% used [0x0000000780000000,0x0000000780000000,0x0000000789d00000)
  from space 13312K, 84% used [0x0000000789d00000,0x000000078a80bda8,0x000000078aa00000)
  to   space 12800K, 0% used [0x000000078c380000,0x000000078c380000,0x000000078d000000)
 ParOldGen       total 133632K, used 9709K [0x0000000700000000, 0x0000000708280000, 0x0000000780000000)
  object space 133632K, 7% used [0x0000000700000000,0x000000070097b5d8,0x0000000708280000)
 Metaspace       used 34370K, capacity 35480K, committed 35496K, reserved 1079296K
  class space    used 4848K, capacity 5111K, committed 5120K, reserved 1048576K
Event: 3.550 GC heap after
Heap after GC invocations=7 (full 2):
 PSYoungGen      total 174080K, used 0K [0x0000000780000000, 0x000000078d000000, 0x00000007c0000000)
  eden space 160768K, 0% used [0x0000000780000000,0x0000000780000000,0x0000000789d00000)
  from space 13312K, 0% used [0x0000000789d00000,0x0000000789d00000,0x000000078aa00000)
  to   space 12800K, 0% used [0x000000078c380000,0x000000078c380000,0x000000078d000000)
 ParOldGen       total 220160K, used 17605K [0x0000000700000000, 0x000000070d700000, 0x0000000780000000)
  object space 220160K, 7% used [0x0000000700000000,0x0000000701131448,0x000000070d700000)
 Metaspace       used 34370K, capacity 35480K, committed 35496K, reserved 1079296K
  class space    used 4848K, capacity 5111K, committed 5120K, reserved 1048576K
}
Event: 4.666 GC heap before
{Heap before GC invocations=8 (full 2):
 PSYoungGen      total 174080K, used 160768K [0x0000000780000000, 0x000000078d000000, 0x00000007c0000000)
  eden space 160768K, 100% used [0x0000000780000000,0x0000000789d00000,0x0000000789d00000)
  from space 13312K, 0% used [0x0000000789d00000,0x0000000789d00000,0x000000078aa00000)
  to   space 12800K, 0% used [0x000000078c380000,0x000000078c380000,0x000000078d000000)
 ParOldGen       total 220160K, used 17605K [0x0000000700000000, 0x000000070d700000, 0x0000000780000000)
  object space 220160K, 7% used [0x0000000700000000,0x0000000701131448,0x000000070d700000)
 Metaspace       used 42942K, capacity 44662K, committed 44928K, reserved 1087488K
  class space    used 6060K, capacity 6421K, committed 6528K, reserved 1048576K
Event: 4.675 GC heap after
Heap after GC invocations=8 (full 2):
 PSYoungGen      total 199680K, used 11247K [0x0000000780000000, 0x000000078ee00000, 0x00000007c0000000)
  eden space 186880K, 0% used [0x0000000780000000,0x0000000780000000,0x000000078b680000)
  from space 12800K, 87% used [0x000000078c380000,0x000000078ce7bdc8,0x000000078d000000)
  to   space 13312K, 0% used [0x000000078b680000,0x000000078b680000,0x000000078c380000)
 ParOldGen       total 220160K, used 17613K [0x0000000700000000, 0x000000070d700000, 0x0000000780000000)
  object space 220160K, 8% used [0x0000000700000000,0x0000000701133448,0x000000070d700000)
 Metaspace       used 42942K, capacity 44662K, committed 44928K, reserved 1087488K
  class space    used 6060K, capacity 6421K, committed 6528K, reserved 1048576K
}

